[1.178s] DEBUG:colcon:Command line arguments: ['/usr/bin/colcon', 'build', '--packages-select', 'crazyflie_interfaces']
[1.178s] DEBUG:colcon:Parsed command line arguments: Namespace(log_base=None, log_level=None, verb_name='build', build_base='build', install_base='install', merge_install=False, symlink_install=False, test_result_base=None, continue_on_error=False, executor='parallel', parallel_workers=12, event_handlers=None, ignore_user_meta=False, metas=['./colcon.meta'], base_paths=['.'], packages_ignore=None, packages_ignore_regex=None, paths=None, packages_up_to=None, packages_up_to_regex=None, packages_above=None, packages_above_and_dependencies=None, packages_above_depth=None, packages_select_by_dep=None, packages_skip_by_dep=None, packages_skip_up_to=None, packages_select_build_failed=False, packages_skip_build_finished=False, packages_select_test_failures=False, packages_skip_test_passed=False, packages_select=['crazyflie_interfaces'], packages_skip=None, packages_select_regex=None, packages_skip_regex=None, packages_start=None, packages_end=None, allow_overriding=[], cmake_args=None, cmake_target=None, cmake_target_skip_unavailable=False, cmake_clean_cache=False, cmake_clean_first=False, cmake_force_configure=False, ament_cmake_args=None, catkin_cmake_args=None, catkin_skip_building_tests=False, verb_parser=<colcon_defaults.argument_parser.defaults.DefaultArgumentsDecorator object at 0x7f401ca71e10>, verb_extension=<colcon_core.verb.build.BuildVerb object at 0x7f401cebc820>, main=<bound method BuildVerb.main of <colcon_core.verb.build.BuildVerb object at 0x7f401cebc820>>)
[1.228s] Level 1:colcon.colcon_core.package_discovery:discover_packages(colcon_meta) check parameters
[1.228s] Level 1:colcon.colcon_core.package_discovery:discover_packages(recursive) check parameters
[1.228s] Level 1:colcon.colcon_core.package_discovery:discover_packages(ignore) check parameters
[1.229s] Level 1:colcon.colcon_core.package_discovery:discover_packages(path) check parameters
[1.229s] Level 1:colcon.colcon_core.package_discovery:discover_packages(colcon_meta) discover
[1.229s] Level 1:colcon.colcon_core.package_discovery:discover_packages(recursive) discover
[1.229s] INFO:colcon.colcon_core.package_discovery:Crawling recursively for packages in '/home/marhes/Llanes_ICRA2024/ros2_ws/src/crazyswarm2/crazyflie_interfaces'
[1.229s] Level 1:colcon.colcon_core.package_identification:_identify(.) by extensions ['ignore', 'ignore_ament_install']
[1.229s] Level 1:colcon.colcon_core.package_identification:_identify(.) by extension 'ignore'
[1.229s] Level 1:colcon.colcon_core.package_identification:_identify(.) by extension 'ignore_ament_install'
[1.229s] Level 1:colcon.colcon_core.package_identification:_identify(.) by extensions ['colcon_pkg']
[1.229s] Level 1:colcon.colcon_core.package_identification:_identify(.) by extension 'colcon_pkg'
[1.229s] Level 1:colcon.colcon_core.package_identification:_identify(.) by extensions ['colcon_meta']
[1.229s] Level 1:colcon.colcon_core.package_identification:_identify(.) by extension 'colcon_meta'
[1.229s] Level 1:colcon.colcon_core.package_identification:_identify(.) by extensions ['ros']
[1.229s] Level 1:colcon.colcon_core.package_identification:_identify(.) by extension 'ros'
[1.240s] DEBUG:colcon.colcon_core.package_identification:Package '.' with type 'ros.ament_cmake' and name 'crazyflie_interfaces'
[1.240s] Level 1:colcon.colcon_core.package_discovery:discover_packages(recursive) using defaults
[1.240s] Level 1:colcon.colcon_core.package_discovery:discover_packages(ignore) discover
[1.240s] Level 1:colcon.colcon_core.package_discovery:discover_packages(ignore) using defaults
[1.240s] Level 1:colcon.colcon_core.package_discovery:discover_packages(path) discover
[1.240s] Level 1:colcon.colcon_core.package_discovery:discover_packages(path) using defaults
[1.352s] Level 1:colcon.colcon_core.package_discovery:discover_packages(prefix_path) check parameters
[1.352s] Level 1:colcon.colcon_core.package_discovery:discover_packages(prefix_path) discover
[1.388s] DEBUG:colcon.colcon_installed_package_information.package_discovery:Found 8 installed packages in /home/marhes/Llanes_ICRA2024/ros2_ws/install
[1.405s] DEBUG:colcon.colcon_installed_package_information.package_discovery:Found 271 installed packages in /opt/ros/humble
[1.422s] Level 1:colcon.colcon_core.package_discovery:discover_packages(prefix_path) using defaults
[1.488s] WARNING:colcon.colcon_core.package_selection:Some selected packages are already built in one or more underlay workspaces:
	'crazyflie_interfaces' is in: /home/marhes/Llanes_ICRA2024/ros2_ws/install/crazyflie_interfaces
If a package in a merged underlay workspace is overridden and it installs headers, then all packages in the overlay must sort their include directories by workspace order. Failure to do so may result in build failures or undefined behavior at run time.
If the overridden package is used by another package in any underlay, then the overriding package in the overlay must be API and ABI compatible or undefined behavior at run time may occur.

If you understand the risks and want to override a package anyways, add the following to the command line:
	--allow-overriding crazyflie_interfaces

This may be promoted to an error in a future release of colcon-override-check.
[1.506s] Level 5:colcon.colcon_core.verb:set package 'crazyflie_interfaces' build argument 'cmake_args' from command line to 'None'
[1.506s] Level 5:colcon.colcon_core.verb:set package 'crazyflie_interfaces' build argument 'cmake_target' from command line to 'None'
[1.506s] Level 5:colcon.colcon_core.verb:set package 'crazyflie_interfaces' build argument 'cmake_target_skip_unavailable' from command line to 'False'
[1.507s] Level 5:colcon.colcon_core.verb:set package 'crazyflie_interfaces' build argument 'cmake_clean_cache' from command line to 'False'
[1.507s] Level 5:colcon.colcon_core.verb:set package 'crazyflie_interfaces' build argument 'cmake_clean_first' from command line to 'False'
[1.507s] Level 5:colcon.colcon_core.verb:set package 'crazyflie_interfaces' build argument 'cmake_force_configure' from command line to 'False'
[1.507s] Level 5:colcon.colcon_core.verb:set package 'crazyflie_interfaces' build argument 'ament_cmake_args' from command line to 'None'
[1.507s] Level 5:colcon.colcon_core.verb:set package 'crazyflie_interfaces' build argument 'catkin_cmake_args' from command line to 'None'
[1.507s] Level 5:colcon.colcon_core.verb:set package 'crazyflie_interfaces' build argument 'catkin_skip_building_tests' from command line to 'False'
[1.507s] DEBUG:colcon.colcon_core.verb:Building package 'crazyflie_interfaces' with the following arguments: {'ament_cmake_args': None, 'build_base': '/home/marhes/Llanes_ICRA2024/ros2_ws/src/crazyswarm2/crazyflie_interfaces/build/crazyflie_interfaces', 'catkin_cmake_args': None, 'catkin_skip_building_tests': False, 'cmake_args': None, 'cmake_clean_cache': False, 'cmake_clean_first': False, 'cmake_force_configure': False, 'cmake_target': None, 'cmake_target_skip_unavailable': False, 'install_base': '/home/marhes/Llanes_ICRA2024/ros2_ws/src/crazyswarm2/crazyflie_interfaces/install/crazyflie_interfaces', 'merge_install': False, 'path': '/home/marhes/Llanes_ICRA2024/ros2_ws/src/crazyswarm2/crazyflie_interfaces', 'symlink_install': False, 'test_result_base': None}
[1.525s] INFO:colcon.colcon_core.executor:Executing jobs using 'parallel' executor
[1.543s] DEBUG:colcon.colcon_parallel_executor.executor.parallel:run_until_complete
[1.543s] INFO:colcon.colcon_ros.task.ament_cmake.build:Building ROS package in '/home/marhes/Llanes_ICRA2024/ros2_ws/src/crazyswarm2/crazyflie_interfaces' with build type 'ament_cmake'
[1.543s] INFO:colcon.colcon_cmake.task.cmake.build:Building CMake package in '/home/marhes/Llanes_ICRA2024/ros2_ws/src/crazyswarm2/crazyflie_interfaces'
[1.565s] INFO:colcon.colcon_core.plugin_system:Skipping extension 'colcon_core.shell.bat': Not used on non-Windows systems
[1.565s] INFO:colcon.colcon_core.shell:Skip shell extension 'powershell' for command environment: Not usable outside of PowerShell
[1.565s] DEBUG:colcon.colcon_core.shell:Skip shell extension 'dsv' for command environment
[1.632s] DEBUG:colcon.colcon_core.shell:Ignoring prefix path '/home/marhes/catkin_ws/devel'
[1.638s] DEBUG:colcon.colcon_core.event_handler.log_command:Invoking command in '/home/marhes/Llanes_ICRA2024/ros2_ws/src/crazyswarm2/crazyflie_interfaces/build/crazyflie_interfaces': CMAKE_PREFIX_PATH=/home/marhes/Llanes_ICRA2024/ros2_ws/install/motion_capture_tracking:/home/marhes/Llanes_ICRA2024/ros2_ws/install/crazyflie:/home/marhes/Llanes_ICRA2024/ros2_ws/install/motion_capture_tracking_interfaces:/home/marhes/Llanes_ICRA2024/ros2_ws/install/crazyflie_sim:/home/marhes/Llanes_ICRA2024/ros2_ws/install/crazyflie_examples:/home/marhes/Llanes_ICRA2024/ros2_ws/install/crazyflie_interfaces:/home/marhes/Llanes_ICRA2024/ros2_ws/install/crazyflie_mpc:/home/marhes/Llanes_ICRA2024/ros2_ws/install/crazyflie_py:/opt/ros/humble:/home/marhes/catkin_ws/devel /usr/bin/cmake /home/marhes/Llanes_ICRA2024/ros2_ws/src/crazyswarm2/crazyflie_interfaces -DCMAKE_INSTALL_PREFIX=/home/marhes/Llanes_ICRA2024/ros2_ws/src/crazyswarm2/crazyflie_interfaces/install/crazyflie_interfaces
[3.736s] DEBUG:colcon.colcon_core.event_handler.log_command:Invoked command in '/home/marhes/Llanes_ICRA2024/ros2_ws/src/crazyswarm2/crazyflie_interfaces/build/crazyflie_interfaces' returned '0': CMAKE_PREFIX_PATH=/home/marhes/Llanes_ICRA2024/ros2_ws/install/motion_capture_tracking:/home/marhes/Llanes_ICRA2024/ros2_ws/install/crazyflie:/home/marhes/Llanes_ICRA2024/ros2_ws/install/motion_capture_tracking_interfaces:/home/marhes/Llanes_ICRA2024/ros2_ws/install/crazyflie_sim:/home/marhes/Llanes_ICRA2024/ros2_ws/install/crazyflie_examples:/home/marhes/Llanes_ICRA2024/ros2_ws/install/crazyflie_interfaces:/home/marhes/Llanes_ICRA2024/ros2_ws/install/crazyflie_mpc:/home/marhes/Llanes_ICRA2024/ros2_ws/install/crazyflie_py:/opt/ros/humble:/home/marhes/catkin_ws/devel /usr/bin/cmake /home/marhes/Llanes_ICRA2024/ros2_ws/src/crazyswarm2/crazyflie_interfaces -DCMAKE_INSTALL_PREFIX=/home/marhes/Llanes_ICRA2024/ros2_ws/src/crazyswarm2/crazyflie_interfaces/install/crazyflie_interfaces
[3.738s] DEBUG:colcon.colcon_core.event_handler.log_command:Invoking command in '/home/marhes/Llanes_ICRA2024/ros2_ws/src/crazyswarm2/crazyflie_interfaces/build/crazyflie_interfaces': CMAKE_PREFIX_PATH=/home/marhes/Llanes_ICRA2024/ros2_ws/install/motion_capture_tracking:/home/marhes/Llanes_ICRA2024/ros2_ws/install/crazyflie:/home/marhes/Llanes_ICRA2024/ros2_ws/install/motion_capture_tracking_interfaces:/home/marhes/Llanes_ICRA2024/ros2_ws/install/crazyflie_sim:/home/marhes/Llanes_ICRA2024/ros2_ws/install/crazyflie_examples:/home/marhes/Llanes_ICRA2024/ros2_ws/install/crazyflie_interfaces:/home/marhes/Llanes_ICRA2024/ros2_ws/install/crazyflie_mpc:/home/marhes/Llanes_ICRA2024/ros2_ws/install/crazyflie_py:/opt/ros/humble:/home/marhes/catkin_ws/devel /usr/bin/cmake --build /home/marhes/Llanes_ICRA2024/ros2_ws/src/crazyswarm2/crazyflie_interfaces/build/crazyflie_interfaces -- -j12 -l12
[14.026s] DEBUG:colcon.colcon_core.event_handler.log_command:Invoked command in '/home/marhes/Llanes_ICRA2024/ros2_ws/src/crazyswarm2/crazyflie_interfaces/build/crazyflie_interfaces' returned '0': CMAKE_PREFIX_PATH=/home/marhes/Llanes_ICRA2024/ros2_ws/install/motion_capture_tracking:/home/marhes/Llanes_ICRA2024/ros2_ws/install/crazyflie:/home/marhes/Llanes_ICRA2024/ros2_ws/install/motion_capture_tracking_interfaces:/home/marhes/Llanes_ICRA2024/ros2_ws/install/crazyflie_sim:/home/marhes/Llanes_ICRA2024/ros2_ws/install/crazyflie_examples:/home/marhes/Llanes_ICRA2024/ros2_ws/install/crazyflie_interfaces:/home/marhes/Llanes_ICRA2024/ros2_ws/install/crazyflie_mpc:/home/marhes/Llanes_ICRA2024/ros2_ws/install/crazyflie_py:/opt/ros/humble:/home/marhes/catkin_ws/devel /usr/bin/cmake --build /home/marhes/Llanes_ICRA2024/ros2_ws/src/crazyswarm2/crazyflie_interfaces/build/crazyflie_interfaces -- -j12 -l12
[14.476s] DEBUG:colcon.colcon_core.event_handler.log_command:Invoking command in '/home/marhes/Llanes_ICRA2024/ros2_ws/src/crazyswarm2/crazyflie_interfaces/build/crazyflie_interfaces': CMAKE_PREFIX_PATH=/home/marhes/Llanes_ICRA2024/ros2_ws/install/motion_capture_tracking:/home/marhes/Llanes_ICRA2024/ros2_ws/install/crazyflie:/home/marhes/Llanes_ICRA2024/ros2_ws/install/motion_capture_tracking_interfaces:/home/marhes/Llanes_ICRA2024/ros2_ws/install/crazyflie_sim:/home/marhes/Llanes_ICRA2024/ros2_ws/install/crazyflie_examples:/home/marhes/Llanes_ICRA2024/ros2_ws/install/crazyflie_interfaces:/home/marhes/Llanes_ICRA2024/ros2_ws/install/crazyflie_mpc:/home/marhes/Llanes_ICRA2024/ros2_ws/install/crazyflie_py:/opt/ros/humble:/home/marhes/catkin_ws/devel /usr/bin/cmake --install /home/marhes/Llanes_ICRA2024/ros2_ws/src/crazyswarm2/crazyflie_interfaces/build/crazyflie_interfaces
[14.636s] Level 1:colcon.colcon_core.environment:create_environment_scripts_only(crazyflie_interfaces)
[14.637s] DEBUG:colcon.colcon_core.event_handler.log_command:Invoked command in '/home/marhes/Llanes_ICRA2024/ros2_ws/src/crazyswarm2/crazyflie_interfaces/build/crazyflie_interfaces' returned '0': CMAKE_PREFIX_PATH=/home/marhes/Llanes_ICRA2024/ros2_ws/install/motion_capture_tracking:/home/marhes/Llanes_ICRA2024/ros2_ws/install/crazyflie:/home/marhes/Llanes_ICRA2024/ros2_ws/install/motion_capture_tracking_interfaces:/home/marhes/Llanes_ICRA2024/ros2_ws/install/crazyflie_sim:/home/marhes/Llanes_ICRA2024/ros2_ws/install/crazyflie_examples:/home/marhes/Llanes_ICRA2024/ros2_ws/install/crazyflie_interfaces:/home/marhes/Llanes_ICRA2024/ros2_ws/install/crazyflie_mpc:/home/marhes/Llanes_ICRA2024/ros2_ws/install/crazyflie_py:/opt/ros/humble:/home/marhes/catkin_ws/devel /usr/bin/cmake --install /home/marhes/Llanes_ICRA2024/ros2_ws/src/crazyswarm2/crazyflie_interfaces/build/crazyflie_interfaces
[14.659s] Level 1:colcon.colcon_core.environment:checking '/home/marhes/Llanes_ICRA2024/ros2_ws/src/crazyswarm2/crazyflie_interfaces/install/crazyflie_interfaces' for CMake module files
[14.659s] Level 1:colcon.colcon_core.environment:checking '/home/marhes/Llanes_ICRA2024/ros2_ws/src/crazyswarm2/crazyflie_interfaces/install/crazyflie_interfaces' for CMake config files
[14.660s] Level 1:colcon.colcon_core.shell:create_environment_hook('crazyflie_interfaces', 'cmake_prefix_path')
[14.679s] INFO:colcon.colcon_core.shell:Creating environment hook '/home/marhes/Llanes_ICRA2024/ros2_ws/src/crazyswarm2/crazyflie_interfaces/install/crazyflie_interfaces/share/crazyflie_interfaces/hook/cmake_prefix_path.ps1'
[14.680s] INFO:colcon.colcon_core.shell:Creating environment descriptor '/home/marhes/Llanes_ICRA2024/ros2_ws/src/crazyswarm2/crazyflie_interfaces/install/crazyflie_interfaces/share/crazyflie_interfaces/hook/cmake_prefix_path.dsv'
[14.680s] INFO:colcon.colcon_core.shell:Creating environment hook '/home/marhes/Llanes_ICRA2024/ros2_ws/src/crazyswarm2/crazyflie_interfaces/install/crazyflie_interfaces/share/crazyflie_interfaces/hook/cmake_prefix_path.sh'
[14.681s] Level 1:colcon.colcon_core.environment:checking '/home/marhes/Llanes_ICRA2024/ros2_ws/src/crazyswarm2/crazyflie_interfaces/install/crazyflie_interfaces/lib'
[14.681s] Level 1:colcon.colcon_core.shell:create_environment_hook('crazyflie_interfaces', 'ld_library_path_lib')
[14.704s] INFO:colcon.colcon_core.shell:Creating environment hook '/home/marhes/Llanes_ICRA2024/ros2_ws/src/crazyswarm2/crazyflie_interfaces/install/crazyflie_interfaces/share/crazyflie_interfaces/hook/ld_library_path_lib.ps1'
[14.705s] INFO:colcon.colcon_core.shell:Creating environment descriptor '/home/marhes/Llanes_ICRA2024/ros2_ws/src/crazyswarm2/crazyflie_interfaces/install/crazyflie_interfaces/share/crazyflie_interfaces/hook/ld_library_path_lib.dsv'
[14.705s] INFO:colcon.colcon_core.shell:Creating environment hook '/home/marhes/Llanes_ICRA2024/ros2_ws/src/crazyswarm2/crazyflie_interfaces/install/crazyflie_interfaces/share/crazyflie_interfaces/hook/ld_library_path_lib.sh'
[14.705s] Level 1:colcon.colcon_core.environment:checking '/home/marhes/Llanes_ICRA2024/ros2_ws/src/crazyswarm2/crazyflie_interfaces/install/crazyflie_interfaces/bin'
[14.705s] Level 1:colcon.colcon_core.environment:checking '/home/marhes/Llanes_ICRA2024/ros2_ws/src/crazyswarm2/crazyflie_interfaces/install/crazyflie_interfaces/lib/pkgconfig/crazyflie_interfaces.pc'
[14.706s] Level 1:colcon.colcon_core.environment:checking '/home/marhes/Llanes_ICRA2024/ros2_ws/src/crazyswarm2/crazyflie_interfaces/install/crazyflie_interfaces/lib/python3.10/site-packages'
[14.706s] Level 1:colcon.colcon_core.environment:checking '/home/marhes/Llanes_ICRA2024/ros2_ws/src/crazyswarm2/crazyflie_interfaces/install/crazyflie_interfaces/bin'
[14.729s] INFO:colcon.colcon_core.shell:Creating package script '/home/marhes/Llanes_ICRA2024/ros2_ws/src/crazyswarm2/crazyflie_interfaces/install/crazyflie_interfaces/share/crazyflie_interfaces/package.ps1'
[14.730s] INFO:colcon.colcon_core.shell:Creating package descriptor '/home/marhes/Llanes_ICRA2024/ros2_ws/src/crazyswarm2/crazyflie_interfaces/install/crazyflie_interfaces/share/crazyflie_interfaces/package.dsv'
[14.731s] INFO:colcon.colcon_core.shell:Creating package script '/home/marhes/Llanes_ICRA2024/ros2_ws/src/crazyswarm2/crazyflie_interfaces/install/crazyflie_interfaces/share/crazyflie_interfaces/package.sh'
[14.731s] INFO:colcon.colcon_core.shell:Creating package script '/home/marhes/Llanes_ICRA2024/ros2_ws/src/crazyswarm2/crazyflie_interfaces/install/crazyflie_interfaces/share/crazyflie_interfaces/package.bash'
[14.732s] INFO:colcon.colcon_core.shell:Creating package script '/home/marhes/Llanes_ICRA2024/ros2_ws/src/crazyswarm2/crazyflie_interfaces/install/crazyflie_interfaces/share/crazyflie_interfaces/package.zsh'
[14.733s] Level 1:colcon.colcon_core.environment:create_file_with_runtime_dependencies(/home/marhes/Llanes_ICRA2024/ros2_ws/src/crazyswarm2/crazyflie_interfaces/install/crazyflie_interfaces/share/colcon-core/packages/crazyflie_interfaces)
[15.417s] Level 1:colcon.colcon_core.environment:create_environment_scripts_only(crazyflie_interfaces)
[15.437s] Level 1:colcon.colcon_core.environment:checking '/home/marhes/Llanes_ICRA2024/ros2_ws/src/crazyswarm2/crazyflie_interfaces/install/crazyflie_interfaces' for CMake module files
[15.437s] Level 1:colcon.colcon_core.environment:checking '/home/marhes/Llanes_ICRA2024/ros2_ws/src/crazyswarm2/crazyflie_interfaces/install/crazyflie_interfaces' for CMake config files
[15.438s] Level 1:colcon.colcon_core.shell:create_environment_hook('crazyflie_interfaces', 'cmake_prefix_path')
[15.454s] INFO:colcon.colcon_core.shell:Creating environment hook '/home/marhes/Llanes_ICRA2024/ros2_ws/src/crazyswarm2/crazyflie_interfaces/install/crazyflie_interfaces/share/crazyflie_interfaces/hook/cmake_prefix_path.ps1'
[15.455s] INFO:colcon.colcon_core.shell:Creating environment descriptor '/home/marhes/Llanes_ICRA2024/ros2_ws/src/crazyswarm2/crazyflie_interfaces/install/crazyflie_interfaces/share/crazyflie_interfaces/hook/cmake_prefix_path.dsv'
[15.455s] INFO:colcon.colcon_core.shell:Creating environment hook '/home/marhes/Llanes_ICRA2024/ros2_ws/src/crazyswarm2/crazyflie_interfaces/install/crazyflie_interfaces/share/crazyflie_interfaces/hook/cmake_prefix_path.sh'
[15.455s] Level 1:colcon.colcon_core.environment:checking '/home/marhes/Llanes_ICRA2024/ros2_ws/src/crazyswarm2/crazyflie_interfaces/install/crazyflie_interfaces/lib'
[15.455s] Level 1:colcon.colcon_core.shell:create_environment_hook('crazyflie_interfaces', 'ld_library_path_lib')
[15.472s] INFO:colcon.colcon_core.shell:Creating environment hook '/home/marhes/Llanes_ICRA2024/ros2_ws/src/crazyswarm2/crazyflie_interfaces/install/crazyflie_interfaces/share/crazyflie_interfaces/hook/ld_library_path_lib.ps1'
[15.472s] INFO:colcon.colcon_core.shell:Creating environment descriptor '/home/marhes/Llanes_ICRA2024/ros2_ws/src/crazyswarm2/crazyflie_interfaces/install/crazyflie_interfaces/share/crazyflie_interfaces/hook/ld_library_path_lib.dsv'
[15.473s] INFO:colcon.colcon_core.shell:Creating environment hook '/home/marhes/Llanes_ICRA2024/ros2_ws/src/crazyswarm2/crazyflie_interfaces/install/crazyflie_interfaces/share/crazyflie_interfaces/hook/ld_library_path_lib.sh'
[15.473s] Level 1:colcon.colcon_core.environment:checking '/home/marhes/Llanes_ICRA2024/ros2_ws/src/crazyswarm2/crazyflie_interfaces/install/crazyflie_interfaces/bin'
[15.473s] Level 1:colcon.colcon_core.environment:checking '/home/marhes/Llanes_ICRA2024/ros2_ws/src/crazyswarm2/crazyflie_interfaces/install/crazyflie_interfaces/lib/pkgconfig/crazyflie_interfaces.pc'
[15.473s] Level 1:colcon.colcon_core.environment:checking '/home/marhes/Llanes_ICRA2024/ros2_ws/src/crazyswarm2/crazyflie_interfaces/install/crazyflie_interfaces/lib/python3.10/site-packages'
[15.474s] Level 1:colcon.colcon_core.environment:checking '/home/marhes/Llanes_ICRA2024/ros2_ws/src/crazyswarm2/crazyflie_interfaces/install/crazyflie_interfaces/bin'
[15.490s] INFO:colcon.colcon_core.shell:Creating package script '/home/marhes/Llanes_ICRA2024/ros2_ws/src/crazyswarm2/crazyflie_interfaces/install/crazyflie_interfaces/share/crazyflie_interfaces/package.ps1'
[15.491s] INFO:colcon.colcon_core.shell:Creating package descriptor '/home/marhes/Llanes_ICRA2024/ros2_ws/src/crazyswarm2/crazyflie_interfaces/install/crazyflie_interfaces/share/crazyflie_interfaces/package.dsv'
[15.491s] INFO:colcon.colcon_core.shell:Creating package script '/home/marhes/Llanes_ICRA2024/ros2_ws/src/crazyswarm2/crazyflie_interfaces/install/crazyflie_interfaces/share/crazyflie_interfaces/package.sh'
[15.491s] INFO:colcon.colcon_core.shell:Creating package script '/home/marhes/Llanes_ICRA2024/ros2_ws/src/crazyswarm2/crazyflie_interfaces/install/crazyflie_interfaces/share/crazyflie_interfaces/package.bash'
[15.492s] INFO:colcon.colcon_core.shell:Creating package script '/home/marhes/Llanes_ICRA2024/ros2_ws/src/crazyswarm2/crazyflie_interfaces/install/crazyflie_interfaces/share/crazyflie_interfaces/package.zsh'
[15.492s] Level 1:colcon.colcon_core.environment:create_file_with_runtime_dependencies(/home/marhes/Llanes_ICRA2024/ros2_ws/src/crazyswarm2/crazyflie_interfaces/install/crazyflie_interfaces/share/colcon-core/packages/crazyflie_interfaces)
[15.492s] DEBUG:colcon.colcon_parallel_executor.executor.parallel:closing loop
[15.492s] DEBUG:colcon.colcon_parallel_executor.executor.parallel:loop closed
[15.493s] DEBUG:colcon.colcon_parallel_executor.executor.parallel:run_until_complete finished with '0'
[15.493s] DEBUG:colcon.colcon_core.event_reactor:joining thread
[15.515s] INFO:colcon.colcon_core.plugin_system:Skipping extension 'colcon_notification.desktop_notification.terminal_notifier': Not used on non-Darwin systems
[15.515s] INFO:colcon.colcon_core.plugin_system:Skipping extension 'colcon_notification.desktop_notification.win32': Not used on non-Windows systems
[15.515s] INFO:colcon.colcon_notification.desktop_notification:Sending desktop notification using 'notify2'
[15.524s] DEBUG:colcon.colcon_core.event_reactor:joined thread
[15.542s] INFO:colcon.colcon_core.shell:Creating prefix script '/home/marhes/Llanes_ICRA2024/ros2_ws/src/crazyswarm2/crazyflie_interfaces/install/local_setup.ps1'
[15.543s] INFO:colcon.colcon_core.shell:Creating prefix util module '/home/marhes/Llanes_ICRA2024/ros2_ws/src/crazyswarm2/crazyflie_interfaces/install/_local_setup_util_ps1.py'
[15.544s] INFO:colcon.colcon_core.shell:Creating prefix chain script '/home/marhes/Llanes_ICRA2024/ros2_ws/src/crazyswarm2/crazyflie_interfaces/install/setup.ps1'
[15.562s] INFO:colcon.colcon_core.shell:Creating prefix script '/home/marhes/Llanes_ICRA2024/ros2_ws/src/crazyswarm2/crazyflie_interfaces/install/local_setup.sh'
[15.563s] INFO:colcon.colcon_core.shell:Creating prefix util module '/home/marhes/Llanes_ICRA2024/ros2_ws/src/crazyswarm2/crazyflie_interfaces/install/_local_setup_util_sh.py'
[15.563s] INFO:colcon.colcon_core.shell:Creating prefix chain script '/home/marhes/Llanes_ICRA2024/ros2_ws/src/crazyswarm2/crazyflie_interfaces/install/setup.sh'
[15.581s] INFO:colcon.colcon_core.shell:Creating prefix script '/home/marhes/Llanes_ICRA2024/ros2_ws/src/crazyswarm2/crazyflie_interfaces/install/local_setup.bash'
[15.582s] INFO:colcon.colcon_core.shell:Creating prefix chain script '/home/marhes/Llanes_ICRA2024/ros2_ws/src/crazyswarm2/crazyflie_interfaces/install/setup.bash'
[15.599s] INFO:colcon.colcon_core.shell:Creating prefix script '/home/marhes/Llanes_ICRA2024/ros2_ws/src/crazyswarm2/crazyflie_interfaces/install/local_setup.zsh'
[15.600s] INFO:colcon.colcon_core.shell:Creating prefix chain script '/home/marhes/Llanes_ICRA2024/ros2_ws/src/crazyswarm2/crazyflie_interfaces/install/setup.zsh'
